        -:    0:Source:velha.cpp
        -:    0:Graph:velha.gcno
        -:    0:Data:velha.gcda
        -:    0:Runs:4
        -:    1:/**
        -:    2: * \file  velha.cpp
        -:    3: */
        -:    4:
        -:    5:
        -:    6:#include "velha.hpp"
        -:    7:
        -:    8:/** 
        -:    9: * @brief verifica situacao do jogo da velha  
        -:   10: * @author Programador 
        -:   11: * @param  velha descreve o parametro
        -:   12: * 
        -:   13: *  Descrever o que a funcao faz
        -:   14: */ 
        -:   15:
        9:   16:int VerificaVelha( int velha[3][3] )
        -:   17:{
        9:   18:	return 0; /*!< retorna zero para teste */
        -:   19:}
        -:   20:
        -:   21:
